<?xml version="1.0" encoding="UTF-8"?>
<!-- Generated by org.testng.reporters.JUnitReportReporter -->
<testsuite hostname="DESKTOP-7A2V8I9" failures="0" tests="2" name="datadriven.CrossBrowserTestingExample" time="31.075" errors="0" timestamp="2024-02-09T13:15:52 IST" skipped="0">
  <testcase classname="datadriven.CrossBrowserTestingExample" name="testLoginChrome" time="14.064"/>
  <testcase classname="datadriven.CrossBrowserTestingExample" name="testEdgeBrowser" time="17.011"/>
</testsuite> <!-- datadriven.CrossBrowserTestingExample -->
